<?xml version="1.0" encoding="UTF-8"?>
<testsuite name="com.makemytripapplication.TestMakeMyTrip" tests="1" skipped="0" failures="0" errors="0" timestamp="2021-08-01T03:32:06" hostname="DINNU" time="76.619">
  <properties/>
  <testcase name="selectDeparture_And_ReturnDate[0](10/August/2021, 17/August/2021, 10 Aug21, 17 Aug21)" classname="com.makemytripapplication.TestMakeMyTrip" time="76.619"/>
  <system-out><![CDATA[[INFO ] 2021-08-01 09:01:37.409 [Test worker] Log - Internet is connected
[INFO ] 2021-08-01 09:01:39.597 [Test worker] Log - select browser
[INFO ] 2021-08-01 09:01:40.966 [Test worker] Log - chrome browser is selected
[INFO ] 2021-08-01 09:01:49.026 [Test worker] Log - navigate to url :https://www.makemytrip.com/
[INFO ] 2021-08-01 09:02:06.323 [Test worker] Log - selectDeparture_And_ReturnDate test is starting.
Directory already exists: C:\Users\dinnu\Testing\MakeMyTripAutomationTesting\testReport
10/August/2021
August 2021
August 2021
August2021
August2021
total no of onwards flights : 21
total no of return flights21
total no of onwards flights : 11
total no of return flights11
Method passed selectDeparture_And_ReturnDate
[INFO ] 2021-08-01 09:03:22.993 [Test worker] Log - selectDeparture_And_ReturnDate Test is passed
[10/August/2021, 17/August/2021, 10 Aug21, 17 Aug21]
]]></system-out>
  <system-err><![CDATA[[Test worker] INFO io.github.bonigarcia.wdm.WebDriverManager - Using chromedriver 92.0.4515.107 (resolved driver for Chrome 92)
[Test worker] INFO io.github.bonigarcia.wdm.WebDriverManager - Exporting webdriver.chrome.driver as C:\Users\dinnu\.cache\selenium\chromedriver\win32\92.0.4515.107\chromedriver.exe
Starting ChromeDriver 92.0.4515.107 (87a818b10553a07434ea9e2b6dccf3cbe7895134-refs/branch-heads/4515@{#1634}) on port 29430
Only local connections are allowed.
Please see https://chromedriver.chromium.org/security-considerations for suggestions on keeping ChromeDriver safe.
ChromeDriver was started successfully.
Aug 01, 2021 9:01:48 AM org.openqa.selenium.remote.ProtocolHandshake createSession
INFO: Detected dialect: W3C
]]></system-err>
</testsuite>
